<?xml version="1.0" encoding="UTF-8"?>
<!-- Generated by org.testng.reporters.JUnitXMLReporter -->
<testsuite hostname="LAPTOP-MVOCB0EL" ignored="0" name="Default test" tests="3" failures="0" timestamp="2023-01-17T15:29:38 EST" time="0.083" errors="0">
  <testcase name="createContact" time="0.014" classname="Practice.Ts"/>
  <testcase name="modifyContact" time="0.003" classname="Practice.Ts"/>
  <testcase name="deleteContact" time="0.001" classname="Practice.Ts"/>
</testsuite> <!-- Default test -->
